<?xml version="1.0" encoding="UTF-8"?>
<testsuite xmlns:xsi="http://www.w3.org/2001/XMLSchema-instance" xsi:noNamespaceSchemaLocation="https://maven.apache.org/surefire/maven-surefire-plugin/xsd/surefire-test-report.xsd" name="io.restassured.examples.springmvc.controller.MockMvcSecurityITest" time="0.229" tests="9" errors="0" skipped="0" failures="0">
  <properties>
[...]
</properties>
  <testcase name="can_authenticate_using_post_processors_in_spec" classname="io.restassured.examples.springmvc.controller.MockMvcSecurityITest" time="0.02"/>
  <testcase name="basic_auth_request_post_processor_works_with_explicit_user" classname="io.restassured.examples.springmvc.controller.MockMvcSecurityITest" time="0.025"/>
  <testcase name="can_authenticate_using_dsl_post_processors" classname="io.restassured.examples.springmvc.controller.MockMvcSecurityITest" time="0.021"/>
  <testcase name="can_specify_authentication_request_post_processor_using_spec_builder" classname="io.restassured.examples.springmvc.controller.MockMvcSecurityITest" time="0.022"/>
  <testcase name="basic_auth_request_post_processor_works" classname="io.restassured.examples.springmvc.controller.MockMvcSecurityITest" time="0.027"/>
  <testcase name="can_specify_user_for_controllers_not_protected_by_basic_auth" classname="io.restassured.examples.springmvc.controller.MockMvcSecurityITest" time="0.02"/>
  <testcase name="can_use_spring_security_mock_annotations" classname="io.restassured.examples.springmvc.controller.MockMvcSecurityITest" time="0.024"/>
  <testcase name="can_authenticate_using_static_post_processors" classname="io.restassured.examples.springmvc.controller.MockMvcSecurityITest" time="0.023"/>
  <testcase name="can_specify_request_post_processor_statically_for_authentication" classname="io.restassured.examples.springmvc.controller.MockMvcSecurityITest" time="0.019"/>
</testsuite>